Loading press releases ([2022, 2023, 2024, 2025, 2026]) ...
  141,332 releases in 32.7s
Loading Senate LDA ...
  418,170 filings in 81.6s
Loading House LDA ...
  409,640 filings (10 parse errors) in 42.6s
Building lobbying free-text search layer (lobbying_freetext + FTS) ...
  1,534,661 free-text docs indexed
# Sanity report

| table | rows |
|---|---|
| bill_mentions | 1,542,492 |
| house_alis | 830,561 |
| house_filings | 409,640 |
| house_lobbyists | 2,017,296 |
| lobbying_freetext | 1,534,661 |
| press_issue_mentions | 399,229 |
| press_releases | 141,332 |
| senate_activities | 799,192 |
| senate_contribution_items | 636,833 |
| senate_contributions | 155,689 |
| senate_filings | 418,170 |
| senate_foreign_entities | 3,627 |
| senate_gov_entities | 2,016,363 |
| senate_lobbyists | 2,121,863 |

## 2025 vs data manual

| dataset | loaded (2025) | manual says | delta |
|---|---|---|---|
| press_releases | 48,318 | ~48,000 | +0.7% |
| senate_filings | 108,225 | ~108,225 | +0.0% |
| senate_contributions | 39,438 | ~39,438 | +0.0% |
| house_filings | 108,518 | ~108,522 | -0.0% |

Deltas beyond ±10% mean either a partial download or a parser mismatch — investigate before trusting downstream queries.

## House XML parse errors: 10
- 301383395.xml: reference to invalid character number: line 72, column 142
- 301460574.xml: reference to invalid character number: line 491, column 172
- 301460508.xml: reference to invalid character number: line 179, column 172
- 301484795.xml: reference to invalid character number: line 490, column 172
- 301510464.xml: reference to invalid character number: line 490, column 172
- 301535813.xml: reference to invalid character number: line 490, column 172
- 301709958.xml: reference to invalid character number: line 54, column 230
- 301779742.xml: reference to invalid character number: line 54, column 230
- 301767060.xml: reference to invalid character number: line 54, column 230
- 301768646.xml: reference to invalid character number: line 55, column 230

Sanity report written to db/sanity_report.md
Done: db/lda_full.duckdb
